[debug] [2021-08-04T02:56:41.845Z] ----------------------------------------------------------------------
[debug] [2021-08-04T02:56:41.847Z] Command:       C:\Program Files\nodejs\node.exe C:\Users\Shimon\AppData\Roaming\npm\node_modules\firebase-tools\lib\bin\firebase.js init
[debug] [2021-08-04T02:56:41.848Z] CLI Version:   9.16.0
[debug] [2021-08-04T02:56:41.848Z] Platform:      win32
[debug] [2021-08-04T02:56:41.848Z] Node Version:  v14.16.1
[debug] [2021-08-04T02:56:41.849Z] Time:          Tue Aug 03 2021 19:56:41 GMT-0700 (Pacific Daylight Time)
[debug] [2021-08-04T02:56:41.849Z] ----------------------------------------------------------------------
[debug] 
[debug] [2021-08-04T02:56:41.856Z] > command requires scopes: ["email","openid","https://www.googleapis.com/auth/cloudplatformprojects.readonly","https://www.googleapis.com/auth/firebase","https://www.googleapis.com/auth/cloud-platform"]
[debug] [2021-08-04T02:56:41.856Z] > authorizing via signed-in user (shimon.islam88@gmail.com)
[info] 
     ######## #### ########  ######## ########     ###     ######  ########
     ##        ##  ##     ## ##       ##     ##  ##   ##  ##       ##
     ######    ##  ########  ######   ########  #########  ######  ######
     ##        ##  ##    ##  ##       ##     ## ##     ##       ## ##
     ##       #### ##     ## ######## ########  ##     ##  ######  ########

You're about to initialize a Firebase project in this directory:

  C:\Users\Shimon\Documents\GitHub\doc-creator

[info] 
=== Project Setup
[info] 
[info] First, let's associate this project directory with a Firebase project.
[info] You can create multiple project aliases by running firebase use --add, 
[info] but for now we'll just set up a default project.
[info] 
[info] i  If you want to create a project in a Google Cloud organization or folder, please use "firebase projects:create" instead, and return to this command when you've created the project. 
[debug] [2021-08-04T02:57:15.720Z] ----------------------------------------------------------------------
[debug] [2021-08-04T02:57:15.722Z] Command:       C:\Program Files\nodejs\node.exe C:\Users\Shimon\AppData\Roaming\npm\node_modules\firebase-tools\lib\bin\firebase.js init
[debug] [2021-08-04T02:57:15.723Z] CLI Version:   9.16.0
[debug] [2021-08-04T02:57:15.723Z] Platform:      win32
[debug] [2021-08-04T02:57:15.723Z] Node Version:  v14.16.1
[debug] [2021-08-04T02:57:15.724Z] Time:          Tue Aug 03 2021 19:57:15 GMT-0700 (Pacific Daylight Time)
[debug] [2021-08-04T02:57:15.724Z] ----------------------------------------------------------------------
[debug] 
[debug] [2021-08-04T02:57:15.730Z] > command requires scopes: ["email","openid","https://www.googleapis.com/auth/cloudplatformprojects.readonly","https://www.googleapis.com/auth/firebase","https://www.googleapis.com/auth/cloud-platform"]
[debug] [2021-08-04T02:57:15.730Z] > authorizing via signed-in user (shimon.islam88@gmail.com)
[info] 
     ######## #### ########  ######## ########     ###     ######  ########
     ##        ##  ##     ## ##       ##     ##  ##   ##  ##       ##
     ######    ##  ########  ######   ########  #########  ######  ######
     ##        ##  ##    ##  ##       ##     ## ##     ##       ## ##
     ##       #### ##     ## ######## ########  ##     ##  ######  ########

You're about to initialize a Firebase project in this directory:

  C:\Users\Shimon\Documents\GitHub\doc-creator

[info] 
=== Project Setup
[info] 
[info] First, let's associate this project directory with a Firebase project.
[info] You can create multiple project aliases by running firebase use --add, 
[info] but for now we'll just set up a default project.
[info] 
[debug] [2021-08-04T02:57:20.651Z] > refreshing access token with scopes: []
[debug] [2021-08-04T02:57:20.651Z] >>> HTTP REQUEST POST https://www.googleapis.com/oauth2/v3/token  
 <request body omitted>
[debug] [2021-08-04T02:57:20.880Z] <<< HTTP RESPONSE 200 {"expires":"Mon, 01 Jan 1990 00:00:00 GMT","date":"Wed, 04 Aug 2021 02:57:21 GMT","cache-control":"no-cache, no-store, max-age=0, must-revalidate","pragma":"no-cache","content-type":"application/json; charset=utf-8","vary":"X-Origin, Referer, Origin,Accept-Encoding","server":"scaffolding on HTTPServer2","x-xss-protection":"0","x-frame-options":"SAMEORIGIN","x-content-type-options":"nosniff","alt-svc":"h3=\":443\"; ma=2592000,h3-29=\":443\"; ma=2592000,h3-T051=\":443\"; ma=2592000,h3-Q050=\":443\"; ma=2592000,h3-Q046=\":443\"; ma=2592000,h3-Q043=\":443\"; ma=2592000,quic=\":443\"; ma=2592000; v=\"46,43\"","accept-ranges":"none","transfer-encoding":"chunked"}
[debug] [2021-08-04T02:57:20.887Z] >>> [apiv2][query] GET https://firebase.googleapis.com/v1beta1/projects pageSize=100
[debug] [2021-08-04T02:57:21.182Z] <<< [apiv2][status] GET https://firebase.googleapis.com/v1beta1/projects 200
[debug] [2021-08-04T02:57:21.182Z] <<< [apiv2][body] GET https://firebase.googleapis.com/v1beta1/projects [omitted]
[info] i  Using project doc-creator-d0ccf (doc-creator) 
[info] 
=== Hosting Setup
[info] 
[info] Your public directory is the folder (relative to your project directory) that
[info] will contain Hosting assets to be uploaded with firebase deploy. If you
[info] have a build process for your assets, use your build's output directory.
[info] 
